[debug] [2024-01-25T05:02:43.556Z] ----------------------------------------------------------------------
[debug] [2024-01-25T05:02:43.558Z] Command:       C:\Program Files\nodejs\node.exe C:\Users\jacob\AppData\Roaming\npm\node_modules\firebase-tools\lib\bin\firebase.js init
[debug] [2024-01-25T05:02:43.558Z] CLI Version:   13.1.0
[debug] [2024-01-25T05:02:43.558Z] Platform:      win32
[debug] [2024-01-25T05:02:43.558Z] Node Version:  v20.10.0
[debug] [2024-01-25T05:02:43.559Z] Time:          Thu Jan 25 2024 00:02:43 GMT-0500 (Eastern Standard Time)
[debug] [2024-01-25T05:02:43.559Z] ----------------------------------------------------------------------
[debug] 
[debug] [2024-01-25T05:02:43.561Z] >>> [apiv2][query] GET https://firebase-public.firebaseio.com/cli.json [none]
[debug] [2024-01-25T05:02:43.601Z] > command requires scopes: ["email","openid","https://www.googleapis.com/auth/cloudplatformprojects.readonly","https://www.googleapis.com/auth/firebase","https://www.googleapis.com/auth/cloud-platform"]
[debug] [2024-01-25T05:02:43.602Z] > authorizing via signed-in user (jacobyoon926@gmail.com)
[info] 
     ######## #### ########  ######## ########     ###     ######  ########
     ##        ##  ##     ## ##       ##     ##  ##   ##  ##       ##
     ######    ##  ########  ######   ########  #########  ######  ######
     ##        ##  ##    ##  ##       ##     ## ##     ##       ## ##
     ##       #### ##     ## ######## ########  ##     ##  ######  ########

You're about to initialize a Firebase project in this directory:

  C:\Users\jacob\Documents\GitHub\spotify-playlist-creator

[debug] [2024-01-25T05:02:43.761Z] <<< [apiv2][status] GET https://firebase-public.firebaseio.com/cli.json 200
[debug] [2024-01-25T05:02:43.761Z] <<< [apiv2][body] GET https://firebase-public.firebaseio.com/cli.json {"cloudBuildErrorAfter":1594252800000,"cloudBuildWarnAfter":1590019200000,"defaultNode10After":1594252800000,"minVersion":"3.0.5","node8DeploysDisabledAfter":1613390400000,"node8RuntimeDisabledAfter":1615809600000,"node8WarnAfter":1600128000000}
[info] 
=== Project Setup
[info] 
[info] First, let's associate this project directory with a Firebase project.
[info] You can create multiple project aliases by running firebase use --add, 
[info] but for now we'll just set up a default project.
[info] 
[debug] [2024-01-25T05:03:21.270Z] > refreshing access token with scopes: []
[debug] [2024-01-25T05:03:21.271Z] >>> [apiv2][query] POST https://www.googleapis.com/oauth2/v3/token [none]
[debug] [2024-01-25T05:03:21.271Z] >>> [apiv2][body] POST https://www.googleapis.com/oauth2/v3/token [omitted]
[debug] [2024-01-25T05:03:21.534Z] <<< [apiv2][status] POST https://www.googleapis.com/oauth2/v3/token 200
[debug] [2024-01-25T05:03:21.534Z] <<< [apiv2][body] POST https://www.googleapis.com/oauth2/v3/token [omitted]
[debug] [2024-01-25T05:03:21.542Z] >>> [apiv2][query] GET https://firebase.googleapis.com/v1beta1/projects pageSize=100
[debug] [2024-01-25T05:03:21.870Z] <<< [apiv2][status] GET https://firebase.googleapis.com/v1beta1/projects 200
[debug] [2024-01-25T05:03:21.870Z] <<< [apiv2][body] GET https://firebase.googleapis.com/v1beta1/projects [omitted]
[info] i  Using project spotify-playlist-creator-3c0ba (Spotify Playlist Creator) 
[info] 
=== Hosting Setup
[debug] [2024-01-25T05:03:24.072Z] >>> [apiv2][query] GET https://firebase.googleapis.com/v1beta1/projects/spotify-playlist-creator-3c0ba [none]
[debug] [2024-01-25T05:03:24.204Z] <<< [apiv2][status] GET https://firebase.googleapis.com/v1beta1/projects/spotify-playlist-creator-3c0ba 200
[debug] [2024-01-25T05:03:24.205Z] <<< [apiv2][body] GET https://firebase.googleapis.com/v1beta1/projects/spotify-playlist-creator-3c0ba {"projectId":"spotify-playlist-creator-3c0ba","projectNumber":"158125425294","displayName":"Spotify Playlist Creator","name":"projects/spotify-playlist-creator-3c0ba","resources":{"hostingSite":"spotify-playlist-creator-3c0ba"},"state":"ACTIVE","etag":"1_480476c9-62b9-4389-890f-651866aa9e2b"}
[info] 
[info] Your public directory is the folder (relative to your project directory) that
[info] will contain Hosting assets to be uploaded with firebase deploy. If you
[info] have a build process for your assets, use your build's output directory.
[info] 
[debug] [2024-01-25T05:06:11.588Z] >>> [apiv2][query] GET https://www.gstatic.com/firebasejs/releases.json [none]
[debug] [2024-01-25T05:06:11.778Z] <<< [apiv2][status] GET https://www.gstatic.com/firebasejs/releases.json 200
[debug] [2024-01-25T05:06:11.778Z] <<< [apiv2][body] GET https://www.gstatic.com/firebasejs/releases.json {"current":{"version":"10.7.2","browserURL":"https://www.gstatic.com/firebasejs/10.7.2/firebase.js","packageURL":"https://www.gstatic.com/firebasejs/10.7.2/firebase.tgz"},"live":{"version":"10.7","browserURL":"https://www.gstatic.com/firebasejs/live/10.7/firebase.js","packageURL":"https://www.gstatic.com/firebasejs/live/10.7/firebase.tgz"},"components":{"analytics":"https://www.gstatic.com/firebasejs/10.7.2/firebase-analytics.js","app":"https://www.gstatic.com/firebasejs/10.7.2/firebase-app.js","app-check":"https://www.gstatic.com/firebasejs/10.7.2/firebase-app-check.js","auth":"https://www.gstatic.com/firebasejs/10.7.2/firebase-auth.js","auth/cordova":"https://www.gstatic.com/firebasejs/10.7.2/firebase-auth/cordova.js","functions":"https://www.gstatic.com/firebasejs/10.7.2/firebase-functions.js","firestore":"https://www.gstatic.com/firebasejs/10.7.2/firebase-firestore.js","firestore/lite":"https://www.gstatic.com/firebasejs/10.7.2/firebase-firestore/lite.js","installations":"https://www.gstatic.com/firebasejs/10.7.2/firebase-installations.js","storage":"https://www.gstatic.com/firebasejs/10.7.2/firebase-storage.js","performance":"https://www.gstatic.com/firebasejs/10.7.2/firebase-performance.js","remote-config":"https://www.gstatic.com/firebasejs/10.7.2/firebase-remote-config.js","messaging":"https://www.gstatic.com/firebasejs/10.7.2/firebase-messaging.js","messaging/sw":"https://www.gstatic.com/firebasejs/10.7.2/firebase-messaging/sw.js","database":"https://www.gstatic.com/firebasejs/10.7.2/firebase-database.js","firestore.memory":"https://www.gstatic.com/firebasejs/10.7.2/firebase-firestore.memory.js"}}
[info] +  Wrote dist/spotify-playlist-creator/index.html 
[info] 
[info] i  Detected a .git folder at C:\Users\jacob\Documents\GitHub\spotify-playlist-creator 
[info] i  Authorizing with GitHub to upload your service account to a GitHub repository's secrets store. 
[info] 
[info] Visit this URL on this device to log in:
[info] https://github.com/login/oauth/authorize?client_id=89cf50f02ac6aaed3484&state=292313327&redirect_uri=http%3A%2F%2Flocalhost%3A9005&scope=read%3Auser%20repo%20public_repo
[info] 
[info] Waiting for authentication...
[debug] [2024-01-25T05:06:55.702Z] >>> [apiv2][query] POST https://github.com/login/oauth/access_token [none]
[debug] [2024-01-25T05:06:55.702Z] >>> [apiv2][body] POST https://github.com/login/oauth/access_token [stream]
[debug] [2024-01-25T05:06:56.003Z] <<< [apiv2][status] POST https://github.com/login/oauth/access_token 200
[debug] [2024-01-25T05:06:56.003Z] <<< [apiv2][body] POST https://github.com/login/oauth/access_token {"access_token":"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","token_type":"bearer","scope":"read:user,repo"}
[debug] [2024-01-25T05:06:56.006Z] >>> [apiv2][query] GET https://api.github.com/user [none]
[debug] [2024-01-25T05:06:56.334Z] <<< [apiv2][status] GET https://api.github.com/user 200
[debug] [2024-01-25T05:06:56.334Z] <<< [apiv2][body] GET https://api.github.com/user {"login":"jyoon926","id":26639038,"node_id":"MDQ6VXNlcjI2NjM5MDM4","avatar_url":"https://avatars.githubusercontent.com/u/26639038?v=4","gravatar_id":"","url":"https://api.github.com/users/jyoon926","html_url":"https://github.com/jyoon926","followers_url":"https://api.github.com/users/jyoon926/followers","following_url":"https://api.github.com/users/jyoon926/following{/other_user}","gists_url":"https://api.github.com/users/jyoon926/gists{/gist_id}","starred_url":"https://api.github.com/users/jyoon926/starred{/owner}{/repo}","subscriptions_url":"https://api.github.com/users/jyoon926/subscriptions","organizations_url":"https://api.github.com/users/jyoon926/orgs","repos_url":"https://api.github.com/users/jyoon926/repos","events_url":"https://api.github.com/users/jyoon926/events{/privacy}","received_events_url":"https://api.github.com/users/jyoon926/received_events","type":"User","site_admin":false,"name":"Jacob Yoon","company":null,"blog":"https://jyoon926.github.io/Portfolio","location":null,"email":"jacobyoon926@gmail.com","hireable":true,"bio":"Third year computer science student at RIT.","twitter_username":null,"public_repos":43,"public_gists":0,"followers":0,"following":0,"created_at":"2017-03-24T00:34:11Z","updated_at":"2024-01-25T05:06:52Z","private_gists":0,"total_private_repos":4,"owned_private_repos":4,"disk_usage":3921935,"collaborators":0,"two_factor_authentication":false,"plan":{"name":"free","space":976562499,"collaborators":0,"private_repos":10000}}
[info] 
[info] +  Success! Logged into GitHub as jyoon926 
[info] 
